Arguments: 
  C:\Program Files\nodejs\node.exe C:\Program Files\nodejs\node_modules\yarn\bin\yarn.js add @babel/core@7.11.6 @babel/preset-env@7.11.5 @rollup@2.26.11 rollup-plugin-babel@4.4.0 rollup-plugin-commonjs@10.1.0 rollup-plugin-serve@1.0.4 -D

PATH: 
  D:\tool\vmware\bin\;C:\Windows\system32;C:\Windows;C:\Windows\System32\Wbem;C:\Windows\System32\WindowsPowerShell\v1.0\;C:\Windows\System32\OpenSSH\;%NVM_HOME%;%NVM_SYMLINK%;C:\Program Files\TortoiseSVN\bin;C:\Program Files (x86)\NetSarang\Xftp 7\;C:\Program Files\dotnet\;C:\Program Files\Git\cmd;C:\Program Files (x86)\NetSarang\Xshell 7\;D:\tool\微信web开发者工具\dll;C:\Users\73172\AppData\Local\Microsoft\WindowsApps;C:\Users\73172\AppData\Local\Programs\Microsoft VS Code\bin;C:\Users\73172\AppData\Roaming\nvm;C:\Program Files\nodejs;D:\tool\WebStorm 2021.1.2\bin;

Yarn version: 
  1.22.19

Node version: 
  14.17.6

Platform: 
  win32 x64

Trace: 
  Error: https://registry.yarnpkg.com/@rollup: Request "https://registry.yarnpkg.com/@rollup" returned a 405
      at Request.params.callback [as _callback] (C:\Users\73172\AppData\Roaming\nvm\v14.17.6\node_modules\yarn\lib\cli.js:66154:18)
      at Request.self.callback (C:\Users\73172\AppData\Roaming\nvm\v14.17.6\node_modules\yarn\lib\cli.js:140890:22)
      at Request.emit (events.js:400:28)
      at Request.<anonymous> (C:\Users\73172\AppData\Roaming\nvm\v14.17.6\node_modules\yarn\lib\cli.js:141862:10)
      at Request.emit (events.js:400:28)
      at IncomingMessage.<anonymous> (C:\Users\73172\AppData\Roaming\nvm\v14.17.6\node_modules\yarn\lib\cli.js:141784:12)
      at Object.onceWrapper (events.js:519:28)
      at IncomingMessage.emit (events.js:412:35)
      at endReadableNT (internal/streams/readable.js:1317:12)
      at processTicksAndRejections (internal/process/task_queues.js:82:21)

npm manifest: 
  {
    "name": "template-complier",
    "version": "1.0.0",
    "main": "index.js",
    "license": "MIT"
  }

yarn manifest: 
  No manifest

Lockfile: 
  No lockfile
